<?xml version="1.0" encoding="UTF-8"?>
<!-- Generated by org.testng.reporters.JUnitXMLReporter -->
<testsuite ignored="0" hostname="QT-INNO-LT0619" failures="0" tests="8" name="Default test" time="18.28" errors="0" timestamp="2022-04-14T16:30:42 IST">
  <testcase classname="com.makemytrip.P1" name="verify_airline" time="0.007"/>
  <testcase classname="com.makemytrip.P1" name="launchURL" time="9.824"/>
  <testcase classname="com.makemytrip.P1" name="Verify_FromCity_Airport" time="0.043"/>
  <testcase classname="com.makemytrip.P1" name="Verify_ToCity_Airport" time="0.037"/>
  <testcase classname="com.makemytrip.P1" name="Verify_ToCity" time="0.029"/>
  <testcase classname="com.makemytrip.P1" name="Verify_FromCity" time="3.364"/>
  <testcase classname="com.makemytrip.P1" name="Verify_Dep_Date" time="0.037"/>
  <testcase classname="com.makemytrip.P1" name="Verify_FareType" time="0.034"/>
</testsuite> <!-- Default test -->
