<?xml version="1.0" encoding="UTF-8"?>
<testng-results ignored="0" total="8" passed="8" failed="0" skipped="0">
  <reporter-output>
  </reporter-output>
  <suite started-at="2022-04-14T16:30:24 IST" name="Default suite" finished-at="2022-04-14T16:30:42 IST" duration-ms="18280">
    <groups>
    </groups>
    <test started-at="2022-04-14T16:30:24 IST" name="Default test" finished-at="2022-04-14T16:30:42 IST" duration-ms="18280">
      <class name="com.makemytrip.P1">
        <test-method is-config="true" signature="init()[pri:0, instance:com.makemytrip.P1@6d3a388c]" started-at="2022-04-14T16:30:24 IST" name="init" finished-at="2022-04-14T16:30:28 IST" duration-ms="4839" status="PASS">
          <reporter-output>
          </reporter-output>
        </test-method> <!-- init -->
        <test-method signature="verify_airline()[pri:0, instance:com.makemytrip.P1@6d3a388c]" started-at="2022-04-14T16:30:29 IST" name="verify_airline" finished-at="2022-04-14T16:30:29 IST" duration-ms="7" status="PASS">
          <reporter-output>
          </reporter-output>
        </test-method> <!-- verify_airline -->
        <test-method signature="launchURL()[pri:1, instance:com.makemytrip.P1@6d3a388c]" started-at="2022-04-14T16:30:29 IST" name="launchURL" finished-at="2022-04-14T16:30:38 IST" duration-ms="9824" status="PASS">
          <reporter-output>
          </reporter-output>
        </test-method> <!-- launchURL -->
        <test-method signature="Verify_FromCity_Airport()[pri:2, instance:com.makemytrip.P1@6d3a388c]" started-at="2022-04-14T16:30:38 IST" name="Verify_FromCity_Airport" finished-at="2022-04-14T16:30:38 IST" duration-ms="43" status="PASS">
          <reporter-output>
          </reporter-output>
        </test-method> <!-- Verify_FromCity_Airport -->
        <test-method signature="Verify_ToCity_Airport()[pri:3, instance:com.makemytrip.P1@6d3a388c]" started-at="2022-04-14T16:30:38 IST" name="Verify_ToCity_Airport" finished-at="2022-04-14T16:30:38 IST" duration-ms="37" status="PASS">
          <reporter-output>
          </reporter-output>
        </test-method> <!-- Verify_ToCity_Airport -->
        <test-method signature="Verify_ToCity()[pri:4, instance:com.makemytrip.P1@6d3a388c]" started-at="2022-04-14T16:30:38 IST" name="Verify_ToCity" finished-at="2022-04-14T16:30:38 IST" duration-ms="29" status="PASS">
          <reporter-output>
          </reporter-output>
        </test-method> <!-- Verify_ToCity -->
        <test-method signature="Verify_FromCity()[pri:5, instance:com.makemytrip.P1@6d3a388c]" started-at="2022-04-14T16:30:38 IST" name="Verify_FromCity" finished-at="2022-04-14T16:30:42 IST" duration-ms="3364" status="PASS">
          <reporter-output>
          </reporter-output>
        </test-method> <!-- Verify_FromCity -->
        <test-method signature="Verify_Dep_Date()[pri:6, instance:com.makemytrip.P1@6d3a388c]" started-at="2022-04-14T16:30:42 IST" name="Verify_Dep_Date" finished-at="2022-04-14T16:30:42 IST" duration-ms="37" status="PASS">
          <reporter-output>
          </reporter-output>
        </test-method> <!-- Verify_Dep_Date -->
        <test-method signature="Verify_FareType()[pri:6, instance:com.makemytrip.P1@6d3a388c]" started-at="2022-04-14T16:30:42 IST" name="Verify_FareType" finished-at="2022-04-14T16:30:42 IST" duration-ms="34" status="PASS">
          <reporter-output>
          </reporter-output>
        </test-method> <!-- Verify_FareType -->
        <test-method is-config="true" signature="flush()[pri:0, instance:com.makemytrip.P1@6d3a388c]" started-at="2022-04-14T16:30:42 IST" name="flush" finished-at="2022-04-14T16:30:42 IST" duration-ms="0" status="PASS">
          <reporter-output>
          </reporter-output>
        </test-method> <!-- flush -->
      </class> <!-- com.makemytrip.P1 -->
    </test> <!-- Default test -->
  </suite> <!-- Default suite -->
</testng-results>
